2025-06-08 15:15:44,265 - INFO - \U0001f504 Fetching reviews for Commercial Bank of Ethiopia
2025-06-08 15:15:46,092 - INFO - \u2705 Collected 0 reviews for Commercial Bank of Ethiopia
2025-06-08 15:15:46,094 - INFO - \U0001f504 Fetching reviews for Bank of Abyssinia
2025-06-08 15:15:46,523 - INFO - \u2705 Collected 0 reviews for Bank of Abyssinia
2025-06-08 15:15:46,523 - INFO - \U0001f504 Fetching reviews for Dashen Bank
2025-06-08 15:15:47,918 - INFO - \u2705 Collected 449 reviews for Dashen Bank
2025-06-08 15:15:47,939 - INFO - \u2705 Saved all reviews to all_bank_reviews_20250608_151547.csv
2025-06-08 20:51:59,440 - INFO - \U0001f504 Fetching reviews for Commercial Bank of Ethiopia
2025-06-08 20:52:01,588 - INFO - \u2705 Collected 0 reviews for Commercial Bank of Ethiopia
2025-06-08 20:52:01,595 - INFO - \U0001f504 Fetching reviews for Bank of Abyssinia
2025-06-08 20:52:02,927 - INFO - \u2705 Collected 0 reviews for Bank of Abyssinia
2025-06-08 20:52:02,928 - INFO - \U0001f504 Fetching reviews for Dashen Bank
2025-06-08 20:52:06,150 - INFO - \u2705 Collected 449 reviews for Dashen Bank
2025-06-08 20:52:06,167 - INFO - \u2705 Saved all reviews to all_bank_reviews_20250608_205206.csv
2025-06-08 20:52:30,527 - INFO - \U0001f504 Fetching reviews for Commercial Bank of Ethiopia
2025-06-08 20:52:42,381 - INFO - \u2705 Collected 1500 reviews for Commercial Bank of Ethiopia
2025-06-08 20:52:42,381 - INFO - \U0001f504 Fetching reviews for Bank of Abyssinia
2025-06-08 20:52:51,237 - INFO - \u2705 Collected 1044 reviews for Bank of Abyssinia
2025-06-08 20:52:51,238 - INFO - \U0001f504 Fetching reviews for Dashen Bank
2025-06-08 20:52:56,804 - INFO - \u2705 Collected 449 reviews for Dashen Bank
2025-06-08 20:52:56,876 - INFO - \u2705 Saved all reviews to all_bank_reviews_20250608_205256.csv
